Determining if the pthread_create exist failed with the following output:
Change Dir: /home/hgaren/catkin_ws1/build/CMakeFiles/CMakeTmp

Run Build Command:/usr/bin/make "cmTryCompileExec3531101612/fast"
/usr/bin/make -f CMakeFiles/cmTryCompileExec3531101612.dir/build.make CMakeFiles/cmTryCompileExec3531101612.dir/build
make[1]: Entering directory `/home/hgaren/catkin_ws1/build/CMakeFiles/CMakeTmp'
/usr/bin/cmake -E cmake_progress_report /home/hgaren/catkin_ws1/build/CMakeFiles/CMakeTmp/CMakeFiles 1
Building C object CMakeFiles/cmTryCompileExec3531101612.dir/CheckSymbolExists.c.o
/usr/bin/cc    -o CMakeFiles/cmTryCompileExec3531101612.dir/CheckSymbolExists.c.o   -c /home/hgaren/catkin_ws1/build/CMakeFiles/CMakeTmp/CheckSymbolExists.c
Linking C executable cmTryCompileExec3531101612
/usr/bin/cmake -E cmake_link_script CMakeFiles/cmTryCompileExec3531101612.dir/link.txt --verbose=1
/usr/bin/cc       CMakeFiles/cmTryCompileExec3531101612.dir/CheckSymbolExists.c.o  -o cmTryCompileExec3531101612 -rdynamic 
CMakeFiles/cmTryCompileExec3531101612.dir/CheckSymbolExists.c.o: In function `main':
CheckSymbolExists.c:(.text+0x16): undefined reference to `pthread_create'
collect2: error: ld returned 1 exit status
make[1]: *** [cmTryCompileExec3531101612] Error 1
make[1]: Leaving directory `/home/hgaren/catkin_ws1/build/CMakeFiles/CMakeTmp'
make: *** [cmTryCompileExec3531101612/fast] Error 2

File /home/hgaren/catkin_ws1/build/CMakeFiles/CMakeTmp/CheckSymbolExists.c:
/* */
#include <pthread.h>

int main(int argc, char** argv)
{
  (void)argv;
#ifndef pthread_create
  return ((int*)(&pthread_create))[argc];
#else
  (void)argc;
  return 0;
#endif
}

Determining if the function pthread_create exists in the pthreads failed with the following output:
Change Dir: /home/hgaren/catkin_ws1/build/CMakeFiles/CMakeTmp

Run Build Command:/usr/bin/make "cmTryCompileExec3878672215/fast"
/usr/bin/make -f CMakeFiles/cmTryCompileExec3878672215.dir/build.make CMakeFiles/cmTryCompileExec3878672215.dir/build
make[1]: Entering directory `/home/hgaren/catkin_ws1/build/CMakeFiles/CMakeTmp'
/usr/bin/cmake -E cmake_progress_report /home/hgaren/catkin_ws1/build/CMakeFiles/CMakeTmp/CMakeFiles 1
Building C object CMakeFiles/cmTryCompileExec3878672215.dir/CheckFunctionExists.c.o
/usr/bin/cc   -DCHECK_FUNCTION_EXISTS=pthread_create   -o CMakeFiles/cmTryCompileExec3878672215.dir/CheckFunctionExists.c.o   -c /usr/share/cmake-2.8/Modules/CheckFunctionExists.c
Linking C executable cmTryCompileExec3878672215
/usr/bin/cmake -E cmake_link_script CMakeFiles/cmTryCompileExec3878672215.dir/link.txt --verbose=1
/usr/bin/cc   -DCHECK_FUNCTION_EXISTS=pthread_create    CMakeFiles/cmTryCompileExec3878672215.dir/CheckFunctionExists.c.o  -o cmTryCompileExec3878672215 -rdynamic -lpthreads 
/usr/bin/ld: cannot find -lpthreads
collect2: error: ld returned 1 exit status
make[1]: *** [cmTryCompileExec3878672215] Error 1
make[1]: Leaving directory `/home/hgaren/catkin_ws1/build/CMakeFiles/CMakeTmp'
make: *** [cmTryCompileExec3878672215/fast] Error 2


